<?xml version="1.0" encoding="UTF-8"?>
<!-- Generated by org.testng.reporters.JUnitReportReporter -->
<testsuite skipped="0" hostname="DESKTOP-K28GJS7" name="com.qa.hubspot.tests.LoginTest" tests="2" failures="0" timestamp="27 Aug 2019 23:24:53 GMT" time="23.302" errors="0">
  <testcase name="loginTest" time="13.062" classname="com.qa.hubspot.tests.LoginTest"/>
  <testcase name="loginPageTitleTest" time="10.240" classname="com.qa.hubspot.tests.LoginTest"/>
</testsuite> <!-- com.qa.hubspot.tests.LoginTest -->
